INFO [11-03|17:48:38.071] Starting Geth in ephemeral dev mode... 
INFO [11-03|17:48:38.072] Maximum peer count                       ETH=50 LES=0 total=50
INFO [11-03|17:48:38.072] Smartcard socket not found, disabling    err="stat /run/pcscd/pcscd.comm: no such file or directory"
INFO [11-03|17:48:38.074] Set global gas cap                       cap=50,000,000
INFO [11-03|17:48:38.130] Using developer account                  address=0xaBF2845A2afeC7d7F922999cE3610e8A75aF3756
INFO [11-03|17:48:38.130] Allocated cache and file handles         database=/home/dhw/git/MyChain/data/geth/chaindata cache=512.00MiB handles=32768
INFO [11-03|17:48:38.151] Opened ancient database                  database=/home/dhw/git/MyChain/data/geth/chaindata/ancient readonly=false
INFO [11-03|17:48:38.151] Freezer shutting down 
INFO [11-03|17:48:38.151] Allocated trie memory caches             clean=154.00MiB dirty=256.00MiB
INFO [11-03|17:48:38.151] Allocated cache and file handles         database=/home/dhw/git/MyChain/data/geth/chaindata cache=512.00MiB handles=32768
INFO [11-03|17:48:38.352] Opened ancient database                  database=/home/dhw/git/MyChain/data/geth/chaindata/ancient readonly=false
INFO [11-03|17:48:38.352] Initialised chain configuration          config="{ChainID: 10 Homestead: 0 DAO: <nil> DAOSupport: false EIP150: 0 EIP155: 0 EIP158: 0 Byzantium: 0 Constantinople: 0 Petersburg: 0 Istanbul: 0, Muir Glacier: <nil>, Berlin: <nil>, London: <nil>, Engine: unknown}"
INFO [11-03|17:48:38.355] Disk storage enabled for ethash caches   dir=/home/dhw/git/MyChain/data/geth/ethash count=3
INFO [11-03|17:48:38.356] Disk storage enabled for ethash DAGs     dir=/home/dhw/.ethash                      count=2
INFO [11-03|17:48:38.356] Initialising Ethereum protocol           network=1337 dbversion=8
INFO [11-03|17:48:38.358] Loaded most recent local header          number=102 hash=7302e4..5b37a3 td=13,577,556 age=1w2d18h
INFO [11-03|17:48:38.358] Loaded most recent local full block      number=102 hash=7302e4..5b37a3 td=13,577,556 age=1w2d18h
INFO [11-03|17:48:38.358] Loaded most recent local fast block      number=102 hash=7302e4..5b37a3 td=13,577,556 age=1w2d18h
INFO [11-03|17:48:38.360] Loaded local transaction journal         transactions=0 dropped=0
INFO [11-03|17:48:38.361] Regenerated local transaction journal    transactions=0 accounts=0
INFO [11-03|17:48:38.361] Gasprice oracle is ignoring threshold set threshold=2
WARN [11-03|17:48:38.361] Unclean shutdown detected                booted=2021-10-25T01:15:25+0800 age=1w2d16h
INFO [11-03|17:48:38.361] Starting peer-to-peer node               instance=Geth/v1.10.11-stable-7231b3ef/linux-amd64/go1.17.2
WARN [11-03|17:48:38.361] P2P server will be useless, neither dialing nor listening 
INFO [11-03|17:48:38.391] IPC endpoint opened                      url=/home/dhw/git/MyChain/data/geth.ipc
INFO [11-03|17:48:38.391] HTTP server started                      endpoint=127.0.0.1:8545 prefix= cors= vhosts=localhost
INFO [11-03|17:48:38.391] New local node record                    seq=1,635,088,357,669 id=0b242ade031364bd ip=127.0.0.1 udp=0 tcp=0
INFO [11-03|17:48:38.391] Started P2P networking                   self=enode://3b0f5f525334e585610aabbbd77875096dff20f5a5a96642a1e456d67923cc2b720bc225612cdf56e635b3fa2d3c7d489f63dc1dbd738d8838e7d235e09397b2@127.0.0.1:0
INFO [11-03|17:48:38.391] Transaction pool price threshold updated price=1,000,000,000
INFO [11-03|17:48:38.391] Updated mining threads                   threads=0
INFO [11-03|17:48:38.391] Transaction pool price threshold updated price=1
INFO [11-03|17:48:38.391] Etherbase automatically configured       address=0xaBF2845A2afeC7d7F922999cE3610e8A75aF3756
INFO [11-03|17:48:38.391] Commit new mining work                   number=103 sealhash=0af707..399f18 uncles=0 txs=0 gas=0 fees=0 elapsed="84.7µs"
WARN [11-03|17:50:49.248] Served eth_sendRawTransaction            conn=127.0.0.1:61523 reqid=6450949933136 t="200.7µs" err="invalid sender"
WARN [11-03|17:51:14.240] Served eth_sendRawTransaction            conn=127.0.0.1:61524 reqid=6450949933137 t="95µs"    err="invalid sender"
INFO [11-03|17:51:42.144] HTTP server stopped                      endpoint=127.0.0.1:8545
INFO [11-03|17:51:42.146] IPC endpoint closed                      url=/home/dhw/git/MyChain/data/geth.ipc
INFO [11-03|17:51:42.146] Ethereum protocol stopped 
INFO [11-03|17:51:42.146] Transaction pool stopped 
INFO [11-03|17:51:42.159] Writing cached state to disk             block=102 hash=7302e4..5b37a3 root=46f2c2..f2b544
INFO [11-03|17:51:42.160] Persisted trie from memory database      nodes=0 size=0.00B time="3.7µs" gcnodes=0 gcsize=0.00B gctime=0s livenodes=1 livesize=0.00B
INFO [11-03|17:51:42.160] Writing cached state to disk             block=101 hash=20abf6..b84f59 root=2dd8fd..501f11
INFO [11-03|17:51:42.160] Persisted trie from memory database      nodes=0 size=0.00B time="1.6µs" gcnodes=0 gcsize=0.00B gctime=0s livenodes=1 livesize=0.00B
INFO [11-03|17:51:42.160] Writing snapshot state to disk           root=d46638..6c85b9
INFO [11-03|17:51:42.160] Persisted trie from memory database      nodes=0 size=0.00B time="1.6µs" gcnodes=0 gcsize=0.00B gctime=0s livenodes=1 livesize=0.00B
INFO [11-03|17:51:42.160] Writing clean trie cache to disk         path=/home/dhw/git/MyChain/data/geth/triecache threads=8
INFO [11-03|17:51:42.165] Persisted the clean trie cache           path=/home/dhw/git/MyChain/data/geth/triecache elapsed=5.824ms
INFO [11-03|17:51:42.166] Blockchain stopped 
